Determining if the pthread_create exist failed with the following output:
Change Dir: /home/izhleba/hdd/ws/slam-constructor/exp/src/cmake-build-debug/CMakeFiles/CMakeTmp

Run Build Command:"/usr/bin/make" "cmTC_640cb/fast"
/usr/bin/make -f CMakeFiles/cmTC_640cb.dir/build.make CMakeFiles/cmTC_640cb.dir/build
make[1]: Entering directory '/home/izhleba/hdd/ws/slam-constructor/exp/src/cmake-build-debug/CMakeFiles/CMakeTmp'
Building C object CMakeFiles/cmTC_640cb.dir/CheckSymbolExists.c.o
/usr/bin/cc     -o CMakeFiles/cmTC_640cb.dir/CheckSymbolExists.c.o   -c /home/izhleba/hdd/ws/slam-constructor/exp/src/cmake-build-debug/CMakeFiles/CMakeTmp/CheckSymbolExists.c
Linking C executable cmTC_640cb
/home/izhleba/bin/clion-2016.3.2/bin/cmake/bin/cmake -E cmake_link_script CMakeFiles/cmTC_640cb.dir/link.txt --verbose=1
/usr/bin/cc       CMakeFiles/cmTC_640cb.dir/CheckSymbolExists.c.o  -o cmTC_640cb -rdynamic 
CMakeFiles/cmTC_640cb.dir/CheckSymbolExists.c.o: In function `main':
CheckSymbolExists.c:(.text+0x16): undefined reference to `pthread_create'
collect2: error: ld returned 1 exit status
CMakeFiles/cmTC_640cb.dir/build.make:97: recipe for target 'cmTC_640cb' failed
make[1]: *** [cmTC_640cb] Error 1
make[1]: Leaving directory '/home/izhleba/hdd/ws/slam-constructor/exp/src/cmake-build-debug/CMakeFiles/CMakeTmp'
Makefile:126: recipe for target 'cmTC_640cb/fast' failed
make: *** [cmTC_640cb/fast] Error 2

File /home/izhleba/hdd/ws/slam-constructor/exp/src/cmake-build-debug/CMakeFiles/CMakeTmp/CheckSymbolExists.c:
/* */
#include <pthread.h>

int main(int argc, char** argv)
{
  (void)argv;
#ifndef pthread_create
  return ((int*)(&pthread_create))[argc];
#else
  (void)argc;
  return 0;
#endif
}

Determining if the function pthread_create exists in the pthreads failed with the following output:
Change Dir: /home/izhleba/hdd/ws/slam-constructor/exp/src/cmake-build-debug/CMakeFiles/CMakeTmp

Run Build Command:"/usr/bin/make" "cmTC_df534/fast"
/usr/bin/make -f CMakeFiles/cmTC_df534.dir/build.make CMakeFiles/cmTC_df534.dir/build
make[1]: Entering directory '/home/izhleba/hdd/ws/slam-constructor/exp/src/cmake-build-debug/CMakeFiles/CMakeTmp'
Building C object CMakeFiles/cmTC_df534.dir/CheckFunctionExists.c.o
/usr/bin/cc    -DCHECK_FUNCTION_EXISTS=pthread_create   -o CMakeFiles/cmTC_df534.dir/CheckFunctionExists.c.o   -c /home/izhleba/bin/clion-2016.3.2/bin/cmake/share/cmake-3.6/Modules/CheckFunctionExists.c
Linking C executable cmTC_df534
/home/izhleba/bin/clion-2016.3.2/bin/cmake/bin/cmake -E cmake_link_script CMakeFiles/cmTC_df534.dir/link.txt --verbose=1
/usr/bin/cc   -DCHECK_FUNCTION_EXISTS=pthread_create    CMakeFiles/cmTC_df534.dir/CheckFunctionExists.c.o  -o cmTC_df534 -rdynamic -lpthreads 
/usr/bin/ld: cannot find -lpthreads
collect2: error: ld returned 1 exit status
CMakeFiles/cmTC_df534.dir/build.make:97: recipe for target 'cmTC_df534' failed
make[1]: *** [cmTC_df534] Error 1
make[1]: Leaving directory '/home/izhleba/hdd/ws/slam-constructor/exp/src/cmake-build-debug/CMakeFiles/CMakeTmp'
Makefile:126: recipe for target 'cmTC_df534/fast' failed
make: *** [cmTC_df534/fast] Error 2


